Arguments: 
  C:\Program Files\nodejs\node.exe C:\Program Files\nodejs\node_modules\yarn\bin\yarn.js add @types/fs --dev

PATH: 
  C:\Program Files\Python310\Scripts\;C:\Program Files\Python310\;C:\Program Files\Microsoft\jdk-11.0.12.7-hotspot\bin;C:\Program Files\Eclipse Foundation\jdk-8.0.302.8-hotspot\bin;C:\Program Files\PlasticSCM5\server;C:\Program Files\PlasticSCM5\client;C:\Program Files (x86)\Common Files\Oracle\Java\javapath;C:\Program Files (x86)\Microsoft SDKs\Azure\CLI2\wbin;C:\Program Files\Oculus\Support\oculus-runtime;C:\Windows\system32;C:\Windows;C:\Windows\System32\Wbem;C:\Windows\System32\WindowsPowerShell\v1.0\;C:\Windows\System32\OpenSSH\;C:\Program Files (x86)\NVIDIA Corporation\PhysX\Common;C:\Program Files\Microsoft SQL Server\130\Tools\Binn\;C:\Program Files\Microsoft SQL Server\Client SDK\ODBC\170\Tools\Binn\;C:\Program Files\NVIDIA Corporation\NVIDIA NvDLISR;C:\Program Files\MongoDB\Server\5.0\bin;C:\Program Files (x86)\Calibre2\;C:\Program Files (x86)\Microsoft Emulator Manager\1.0\;C:\Program Files\dotnet\;C:\Program Files (x86)\CMake\bin;C:\Users\tsili\AppData\Local\Microsoft\dotnet;C:\Program Files\Git LFS;C:\Program Files\WireGuard\;C:\Program Files\Microsoft SQL Server\150\Tools\Binn\;C:\Users\tsili\AppData\Roaming\nvm;C:\Program Files\nodejs;C:\Program Files\Git\cmd;C:\Users\tsili\.cargo\bin;C:\Users\tsili\AppData\Local\Microsoft\WindowsApps;C:\Users\tsili\AppData\Local\Programs\Microsoft VS Code\bin;C:\Program Files\Git\bin;C:\Program Files\MongoDB\Server\5.0\bin;C:\Users\tsili\.dotnet\tools;C:\Program Files\Android\jdk\microsoft_dist_openjdk_1.8.0.25\jre\bin;C:\Users\tsili\AppData\Local\gitkraken\bin;C:\Users\tsili\.dotnet\tools;C:\Users\tsili\AppData\Local\GitHubDesktop\bin;C:\Users\tsili\AppData\Roaming\nvm;C:\Program Files\nodejs;

Yarn version: 
  1.22.17

Node version: 
  17.7.1

Platform: 
  win32 x64

Trace: 
  Error: https://registry.yarnpkg.com/@types%2ffs: Not found
      at Request.params.callback [as _callback] (C:\Users\tsili\AppData\Roaming\nvm\v17.7.1\node_modules\yarn\lib\cli.js:67029:18)
      at Request.self.callback (C:\Users\tsili\AppData\Roaming\nvm\v17.7.1\node_modules\yarn\lib\cli.js:140883:22)
      at Request.emit (node:events:527:28)
      at Request.<anonymous> (C:\Users\tsili\AppData\Roaming\nvm\v17.7.1\node_modules\yarn\lib\cli.js:141855:10)
      at Request.emit (node:events:527:28)
      at IncomingMessage.<anonymous> (C:\Users\tsili\AppData\Roaming\nvm\v17.7.1\node_modules\yarn\lib\cli.js:141777:12)
      at Object.onceWrapper (node:events:641:28)
      at IncomingMessage.emit (node:events:539:35)
      at endReadableNT (node:internal/streams/readable:1342:12)
      at processTicksAndRejections (node:internal/process/task_queues:83:21)

npm manifest: 
  {
    "name": "webd6201-w2022-ice9",
    "version": "1.0.0",
    "description": "demo project for ice9",
    "main": "server.js",
    "author": "Tom Tsiliopoulos",
    "license": "MIT",
    "scripts": {
      "start": "node server.js"
    },
    "dependencies": {
      "@fortawesome/fontawesome-free": "^5.15.4",
      "@popperjs/core": "^2.11.2",
      "bootstrap": "^5.1.3",
      "jquery": "^3.6.0"
    },
    "devDependencies": {
      "@types/jquery": "^3.5.14",
      "@types/node": "^17.0.21"
    }
  }

yarn manifest: 
  No manifest

Lockfile: 
  # THIS IS AN AUTOGENERATED FILE. DO NOT EDIT THIS FILE DIRECTLY.
  # yarn lockfile v1
  
  
  "@fortawesome/fontawesome-free@^5.15.4":
    version "5.15.4"
    resolved "https://registry.yarnpkg.com/@fortawesome/fontawesome-free/-/fontawesome-free-5.15.4.tgz#ecda5712b61ac852c760d8b3c79c96adca5554e5"
    integrity sha512-eYm8vijH/hpzr/6/1CJ/V/Eb1xQFW2nnUKArb3z+yUWv7HTwj6M7SP957oMjfZjAHU6qpoNc2wQvIxBLWYa/Jg==
  
  "@popperjs/core@^2.11.2":
    version "2.11.2"
    resolved "https://registry.yarnpkg.com/@popperjs/core/-/core-2.11.2.tgz#830beaec4b4091a9e9398ac50f865ddea52186b9"
    integrity sha512-92FRmppjjqz29VMJ2dn+xdyXZBrMlE42AV6Kq6BwjWV7CNUW1hs2FtxSNLQE+gJhaZ6AAmYuO9y8dshhcBl7vA==
  
  "@types/jquery@^3.5.14":
    version "3.5.14"
    resolved "https://registry.yarnpkg.com/@types/jquery/-/jquery-3.5.14.tgz#ac8e11ee591e94d4d58da602cb3a5a8320dee577"
    integrity sha512-X1gtMRMbziVQkErhTQmSe2jFwwENA/Zr+PprCkF63vFq+Yt5PZ4AlKqgmeNlwgn7dhsXEK888eIW2520EpC+xg==
    dependencies:
      "@types/sizzle" "*"
  
  "@types/node@^17.0.21":
    version "17.0.21"
    resolved "https://registry.yarnpkg.com/@types/node/-/node-17.0.21.tgz#864b987c0c68d07b4345845c3e63b75edd143644"
    integrity sha512-DBZCJbhII3r90XbQxI8Y9IjjiiOGlZ0Hr32omXIZvwwZ7p4DMMXGrKXVyPfuoBOri9XNtL0UK69jYIBIsRX3QQ==
  
  "@types/sizzle@*":
    version "2.3.3"
    resolved "https://registry.yarnpkg.com/@types/sizzle/-/sizzle-2.3.3.tgz#ff5e2f1902969d305225a047c8a0fd5c915cebef"
    integrity sha512-JYM8x9EGF163bEyhdJBpR2QX1R5naCJHC8ucJylJ3w9/CVBaskdQ8WqBf8MmQrd1kRvp/a4TS8HJ+bxzR7ZJYQ==
  
  bootstrap@^5.1.3:
    version "5.1.3"
    resolved "https://registry.yarnpkg.com/bootstrap/-/bootstrap-5.1.3.tgz#ba081b0c130f810fa70900acbc1c6d3c28fa8f34"
    integrity sha512-fcQztozJ8jToQWXxVuEyXWW+dSo8AiXWKwiSSrKWsRB/Qt+Ewwza+JWoLKiTuQLaEPhdNAJ7+Dosc9DOIqNy7Q==
  
  jquery@^3.6.0:
    version "3.6.0"
    resolved "https://registry.yarnpkg.com/jquery/-/jquery-3.6.0.tgz#c72a09f15c1bdce142f49dbf1170bdf8adac2470"
    integrity sha512-JVzAR/AjBvVt2BmYhxRCSYysDsPcssdmTFnzyLEts9qNwmjmu4JTAMYubEfwVOSwpQ1I1sKKFcxhZCI2buerfw==
